<?xml version="1.0" encoding="UTF-8"?>
<!-- Generated by org.testng.reporters.JUnitReportReporter -->
<testsuite hostname="DESKTOP-CG5CD4F" failures="0" tests="1" name="com.Exercise.testScript.Test_6_TestScript" time="25.651" errors="0" timestamp="2023-11-11T12:12:23 EST" skipped="0">
  <testcase classname="com.Exercise.testScript.Test_6_TestScript" name="contactUsForm" time="25.651"/>
  <system-out/>
</testsuite> <!-- com.Exercise.testScript.Test_6_TestScript -->
