<?xml version="1.0" encoding="UTF-8"?>
<!-- Generated by org.testng.reporters.JUnitReportReporter -->
<testsuite hostname="DESKTOP-CG5CD4F" failures="0" tests="1" name="com.Exercise.testScript.Test15_TestScript" time="89.365" errors="0" timestamp="2023-11-09T13:03:22 EST" skipped="0">
  <testcase classname="com.Exercise.testScript.Test15_TestScript" name="registerBeforeCheckout" time="89.365"/>
  <system-out/>
</testsuite> <!-- com.Exercise.testScript.Test15_TestScript -->
