<?xml version="1.0" encoding="UTF-8"?>
<!-- Generated by org.testng.reporters.JUnitReportReporter -->
<testsuite hostname="DESKTOP-CG5CD4F" failures="0" tests="1" name="com.Exercise.testScript.Test_9TestScript" time="64.502" errors="0" timestamp="2023-11-07T16:52:30 EST" skipped="0">
  <testcase classname="com.Exercise.testScript.Test_9TestScript" name="searchProduct" time="64.502"/>
  <system-out/>
</testsuite> <!-- com.Exercise.testScript.Test_9TestScript -->
