<?xml version="1.0" encoding="UTF-8"?>
<!-- Generated by org.testng.reporters.JUnitReportReporter -->
<testsuite hostname="DESKTOP-CG5CD4F" failures="0" tests="1" name="com.Exercise.testScript.Test_26TestScript" time="12.613" errors="0" timestamp="2023-11-11T12:02:25 EST" skipped="0">
  <testcase classname="com.Exercise.testScript.Test_26TestScript" name="verifyScrollUpWithoutArrowButtonAndScrollDownFunctioanality" time="12.613"/>
  <system-out/>
</testsuite> <!-- com.Exercise.testScript.Test_26TestScript -->
