<?xml version="1.0" encoding="UTF-8"?>
<!-- Generated by org.testng.reporters.JUnitReportReporter -->
<testsuite hostname="DESKTOP-CG5CD4F" failures="0" tests="1" name="com.Exercise.testScript.Test_17TestScript" time="19.516" errors="0" timestamp="2023-11-09T13:47:50 EST" skipped="0">
  <testcase classname="com.Exercise.testScript.Test_17TestScript" name="removeProductFromCart" time="19.516"/>
  <system-out/>
</testsuite> <!-- com.Exercise.testScript.Test_17TestScript -->
