<?xml version="1.0" encoding="UTF-8"?>
<!-- Generated by org.testng.reporters.JUnitReportReporter -->
<testsuite hostname="DESKTOP-CG5CD4F" failures="0" tests="1" name="com.Exercise.testScript.Test_22_TestScript" time="19.907" errors="0" timestamp="2023-11-10T14:28:35 EST" skipped="0">
  <testcase classname="com.Exercise.testScript.Test_22_TestScript" name="addRecommendaedItems" time="19.907"/>
  <system-out/>
</testsuite> <!-- com.Exercise.testScript.Test_22_TestScript -->
