<?xml version="1.0" encoding="UTF-8"?>
<!-- Generated by org.testng.reporters.JUnitReportReporter -->
<testsuite hostname="DESKTOP-CG5CD4F" failures="0" tests="1" name="com.Exercise.testScript.Test_8_TestScript" time="23.950" errors="0" timestamp="2023-11-11T13:31:35 EST" skipped="0">
  <testcase classname="com.Exercise.testScript.Test_8_TestScript" name="verifyProductDetail" time="23.950"/>
  <system-out/>
</testsuite> <!-- com.Exercise.testScript.Test_8_TestScript -->
