<?xml version="1.0" encoding="UTF-8"?>
<!-- Generated by org.testng.reporters.JUnitReportReporter -->
<testsuite hostname="DESKTOP-CG5CD4F" failures="0" tests="1" name="com.Exercise.testScript.Test_8TestScript" time="48.625" errors="0" timestamp="2023-11-06T23:23:25 EST" skipped="0">
  <testcase classname="com.Exercise.testScript.Test_8TestScript" name="verifyProductDetail" time="48.625"/>
  <system-out/>
</testsuite> <!-- com.Exercise.testScript.Test_8TestScript -->
