<?xml version="1.0" encoding="UTF-8"?>
<!-- Generated by org.testng.reporters.JUnitReportReporter -->
<testsuite hostname="DESKTOP-CG5CD4F" failures="0" tests="1" name="com.Exercise.testScript.Test_14TestScript" time="100.453" errors="0" timestamp="2023-11-09T11:58:18 EST" skipped="0">
  <testcase classname="com.Exercise.testScript.Test_14TestScript" name="registerWhileCheckout" time="100.453"/>
  <system-out/>
</testsuite> <!-- com.Exercise.testScript.Test_14TestScript -->
