<?xml version="1.0" encoding="UTF-8"?>
<!-- Generated by org.testng.reporters.JUnitReportReporter -->
<testsuite hostname="DESKTOP-CG5CD4F" failures="0" tests="1" name="com.Exercise.testScript.Test_9_TestScript" time="38.036" errors="0" timestamp="2023-11-10T11:34:28 EST" skipped="0">
  <testcase classname="com.Exercise.testScript.Test_9_TestScript" name="searchProduct" time="38.036"/>
  <system-out/>
</testsuite> <!-- com.Exercise.testScript.Test_9_TestScript -->
