<?xml version="1.0" encoding="UTF-8"?>
<!-- Generated by org.testng.reporters.JUnitReportReporter -->
<testsuite hostname="DESKTOP-CG5CD4F" failures="0" tests="1" name="com.Exercise.testScript.Test_25TestScript" time="14.671" errors="0" timestamp="2023-11-11T11:54:25 EST" skipped="0">
  <testcase classname="com.Exercise.testScript.Test_25TestScript" name="verifyScrollUpArrowBtnAndDownFunctionality" time="14.671"/>
  <system-out/>
</testsuite> <!-- com.Exercise.testScript.Test_25TestScript -->
