<?xml version="1.0" encoding="UTF-8"?>
<!-- Generated by org.testng.reporters.JUnitReportReporter -->
<testsuite hostname="DESKTOP-CG5CD4F" failures="0" tests="1" name="com.Exercise.testScript.Test_6TestScript" time="40.700" errors="0" timestamp="2023-11-04T15:10:21 EDT" skipped="0">
  <testcase classname="com.Exercise.testScript.Test_6TestScript" name="contactUsForm" time="40.700"/>
  <system-out/>
</testsuite> <!-- com.Exercise.testScript.Test_6TestScript -->
