<?xml version="1.0" encoding="UTF-8"?>
<!-- Generated by org.testng.reporters.JUnitReportReporter -->
<testsuite hostname="DESKTOP-CG5CD4F" failures="0" tests="1" name="com.Exercise.testScript.Test_23_TestScript" time="69.273" errors="0" timestamp="2023-11-10T16:36:42 EST" skipped="0">
  <testcase classname="com.Exercise.testScript.Test_23_TestScript" name="VerifyAddressDetailInCheckout" time="69.273"/>
  <system-out/>
</testsuite> <!-- com.Exercise.testScript.Test_23_TestScript -->
