<?xml version="1.0" encoding="UTF-8"?>
<!-- Generated by org.testng.reporters.JUnitReportReporter -->
<testsuite hostname="DESKTOP-CG5CD4F" failures="0" tests="1" name="com.Exercise.testScript.Test_18TestScript" time="25.978" errors="0" timestamp="2023-11-09T16:14:56 EST" skipped="0">
  <testcase classname="com.Exercise.testScript.Test_18TestScript" name="viewCategoryProduct" time="25.978"/>
  <system-out/>
</testsuite> <!-- com.Exercise.testScript.Test_18TestScript -->
