<?xml version="1.0" encoding="UTF-8"?>
<!-- Generated by org.testng.reporters.JUnitReportReporter -->
<testsuite hostname="DESKTOP-CG5CD4F" failures="0" tests="1" name="com.Exercise.testScript.Test_13TestScript" time="45.234" errors="0" timestamp="2023-11-08T14:07:17 EST" skipped="0">
  <testcase classname="com.Exercise.testScript.Test_13TestScript" name="verifyQuantityInCart" time="45.234"/>
  <system-out/>
</testsuite> <!-- com.Exercise.testScript.Test_13TestScript -->
