<?xml version="1.0" encoding="UTF-8"?>
<!-- Generated by org.testng.reporters.JUnitReportReporter -->
<testsuite hostname="DESKTOP-CG5CD4F" failures="0" tests="1" name="com.Exercise.testScript.Test_10TestScript" time="21.048" errors="0" timestamp="2023-11-07T16:38:04 EST" skipped="0">
  <testcase classname="com.Exercise.testScript.Test_10TestScript" name="verifySubcription" time="21.048"/>
  <system-out/>
</testsuite> <!-- com.Exercise.testScript.Test_10TestScript -->
