<?xml version="1.0" encoding="UTF-8"?>
<!-- Generated by org.testng.reporters.JUnitReportReporter -->
<testsuite hostname="DESKTOP-CG5CD4F" failures="0" tests="1" name="com.Exercise.testScript.Test_19TestScript" time="22.573" errors="0" timestamp="2023-11-09T17:38:44 EST" skipped="0">
  <testcase classname="com.Exercise.testScript.Test_19TestScript" name="viewAndCartBrandLink" time="22.573"/>
  <system-out/>
</testsuite> <!-- com.Exercise.testScript.Test_19TestScript -->
