<?xml version="1.0" encoding="UTF-8"?>
<!-- Generated by org.testng.reporters.JUnitReportReporter -->
<testsuite hostname="DESKTOP-CG5CD4F" failures="0" tests="1" name="com.Exercise.testScript.Test_20TestScript" time="73.958" errors="0" timestamp="2023-11-09T18:18:40 EST" skipped="0">
  <testcase classname="com.Exercise.testScript.Test_20TestScript" name="searchProductAndVerifyProductAfterLogin" time="73.958"/>
  <system-out/>
</testsuite> <!-- com.Exercise.testScript.Test_20TestScript -->
