<?xml version="1.0" encoding="UTF-8"?>
<!-- Generated by org.testng.reporters.JUnitReportReporter -->
<testsuite hostname="DESKTOP-CG5CD4F" failures="0" tests="1" name="com.registerUser.test.RegisterTestScript" time="62.282" errors="0" timestamp="2023-11-03T18:06:30 EDT" skipped="0">
  <testcase classname="com.registerUser.test.RegisterTestScript" name="registerTest" time="62.282"/>
  <system-out/>
</testsuite> <!-- com.registerUser.test.RegisterTestScript -->
