<?xml version="1.0" encoding="UTF-8"?>
<!-- Generated by org.testng.reporters.JUnitReportReporter -->
<testsuite hostname="DESKTOP-CG5CD4F" failures="0" tests="1" name="com.Exercise.testScript.Test_5TestScript" time="33.048" errors="0" timestamp="2023-11-04T13:43:09 EDT" skipped="0">
  <testcase classname="com.Exercise.testScript.Test_5TestScript" name="registerWithExistingEmail" time="33.048"/>
  <system-out/>
</testsuite> <!-- com.Exercise.testScript.Test_5TestScript -->
