<?xml version="1.0" encoding="UTF-8"?>
<!-- Generated by org.testng.reporters.JUnitReportReporter -->
<testsuite hostname="DESKTOP-CG5CD4F" failures="0" tests="1" name="com.Exercise.testScript.Test_24_TestScript" time="118.276" errors="0" timestamp="2023-11-24T15:08:13 EST" skipped="0">
  <testcase classname="com.Exercise.testScript.Test_24_TestScript" name="downloadInvoiceAfterPurchaseOrser" time="118.276"/>
  <system-out/>
</testsuite> <!-- com.Exercise.testScript.Test_24_TestScript -->
