<?xml version="1.0" encoding="UTF-8"?>
<!-- Generated by org.testng.reporters.JUnitReportReporter -->
<testsuite hostname="DESKTOP-CG5CD4F" failures="0" tests="1" name="com.Exercise.testScript.Test_7_TestScript" time="13.648" errors="0" timestamp="2023-11-11T12:33:11 EST" skipped="0">
  <testcase classname="com.Exercise.testScript.Test_7_TestScript" name="verifyTestCasesPage" time="13.648"/>
  <system-out/>
</testsuite> <!-- com.Exercise.testScript.Test_7_TestScript -->
