<?xml version="1.0" encoding="UTF-8"?>
<!-- Generated by org.testng.reporters.JUnitReportReporter -->
<testsuite hostname="DESKTOP-CG5CD4F" failures="0" tests="1" name="com.testCase3.test.Test_3TestScript" time="26.157" errors="0" timestamp="2023-11-04T10:06:04 EDT" skipped="0">
  <testcase classname="com.testCase3.test.Test_3TestScript" name="loginIncorecct" time="26.157"/>
  <system-out/>
</testsuite> <!-- com.testCase3.test.Test_3TestScript -->
