<?xml version="1.0" encoding="UTF-8"?>
<!-- Generated by org.testng.reporters.JUnitReportReporter -->
<testsuite hostname="DESKTOP-CG5CD4F" failures="0" tests="1" name="com.Exercise.testScript.Test_1_TestScript" time="64.723" errors="0" timestamp="2023-11-18T14:52:38 EST" skipped="0">
  <testcase classname="com.Exercise.testScript.Test_1_TestScript" name="registerTest" time="64.723"/>
  <system-out/>
</testsuite> <!-- com.Exercise.testScript.Test_1_TestScript -->
