<?xml version="1.0" encoding="UTF-8"?>
<!-- Generated by org.testng.reporters.JUnitReportReporter -->
<testsuite hostname="DESKTOP-CG5CD4F" failures="0" tests="1" name="com.Exercise.testScript.Test_11TestScript" time="24.283" errors="0" timestamp="2023-11-07T17:52:40 EST" skipped="0">
  <testcase classname="com.Exercise.testScript.Test_11TestScript" name="verifySubscriptionInCartPage" time="24.283"/>
  <system-out/>
</testsuite> <!-- com.Exercise.testScript.Test_11TestScript -->
