<?xml version="1.0" encoding="UTF-8"?>
<!-- Generated by org.testng.reporters.JUnitReportReporter -->
<testsuite hostname="DESKTOP-CG5CD4F" failures="0" tests="1" name="com.testCase4.test.Test_4TestScript" time="37.086" errors="0" timestamp="2023-11-04T11:51:27 EDT" skipped="0">
  <testcase classname="com.testCase4.test.Test_4TestScript" name="logOut" time="37.086"/>
  <system-out/>
</testsuite> <!-- com.testCase4.test.Test_4TestScript -->
