<?xml version="1.0" encoding="UTF-8"?>
<!-- Generated by org.testng.reporters.JUnitReportReporter -->
<testsuite hostname="DESKTOP-CG5CD4F" failures="0" tests="1" name="com.testCase1.test.Test_3TestScript" time="26.617" errors="0" timestamp="2023-11-04T11:47:28 EDT" skipped="0">
  <testcase classname="com.testCase1.test.Test_3TestScript" name="loginIncorecct" time="26.617"/>
  <system-out/>
</testsuite> <!-- com.testCase1.test.Test_3TestScript -->
