<?xml version="1.0" encoding="UTF-8"?>
<!-- Generated by org.testng.reporters.JUnitReportReporter -->
<testsuite hostname="DESKTOP-CG5CD4F" failures="0" tests="1" name="com.Exercise.testScript.Test_1_TestScript" time="60.549" errors="0" timestamp="2023-11-14T16:14:22 EST" skipped="0">
  <testcase classname="com.Exercise.testScript.Test_1_TestScript" name="registerTest" time="60.549"/>
  <system-out/>
</testsuite> <!-- com.Exercise.testScript.Test_1_TestScript -->
